2024-01-18 00:29:23.015  INFO 3172 --- [main] com.employee.EmployeeApplication         : Starting EmployeeApplication using Java 17.0.9 on Suchitra with PID 3172 (D:\Microser\EmployeeJpqlQuerys\target\classes started by suchi in D:\Microser\EmployeeJpqlQuerys)
2024-01-18 00:29:23.021  INFO 3172 --- [main] com.employee.EmployeeApplication         : No active profile set, falling back to default profiles: default
2024-01-18 00:29:23.885  INFO 3172 --- [main] .s.d.r.c.RepositoryConfigurationDelegate : Bootstrapping Spring Data JPA repositories in DEFAULT mode.
2024-01-18 00:29:23.952  INFO 3172 --- [main] .s.d.r.c.RepositoryConfigurationDelegate : Finished Spring Data repository scanning in 59 ms. Found 3 JPA repository interfaces.
2024-01-18 00:29:24.438  INFO 3172 --- [main] o.s.b.w.embedded.tomcat.TomcatWebServer  : Tomcat initialized with port(s): 8082 (http)
2024-01-18 00:29:24.451  INFO 3172 --- [main] o.apache.catalina.core.StandardService   : Starting service [Tomcat]
2024-01-18 00:29:24.452  INFO 3172 --- [main] org.apache.catalina.core.StandardEngine  : Starting Servlet engine: [Apache Tomcat/9.0.48]
2024-01-18 00:29:24.549  INFO 3172 --- [main] o.a.c.c.C.[Tomcat].[localhost].[/]       : Initializing Spring embedded WebApplicationContext
2024-01-18 00:29:24.550  INFO 3172 --- [main] w.s.c.ServletWebServerApplicationContext : Root WebApplicationContext: initialization completed in 1373 ms
2024-01-18 00:29:24.597  INFO 3172 --- [main] com.zaxxer.hikari.HikariDataSource       : HikariPool-1 - Starting...
2024-01-18 00:29:24.820  INFO 3172 --- [main] com.zaxxer.hikari.HikariDataSource       : HikariPool-1 - Start completed.
2024-01-18 00:29:24.828  INFO 3172 --- [main] o.s.b.a.h2.H2ConsoleAutoConfiguration    : H2 console available at '/h2-console'. Database available at 'jdbc:h2:mem:testdb'
2024-01-18 00:29:24.959  INFO 3172 --- [main] o.hibernate.jpa.internal.util.LogHelper  : HHH000204: Processing PersistenceUnitInfo [name: default]
2024-01-18 00:29:25.032  INFO 3172 --- [main] org.hibernate.Version                    : HHH000412: Hibernate ORM core version 5.4.32.Final
2024-01-18 00:29:25.203  INFO 3172 --- [main] o.hibernate.annotations.common.Version   : HCANN000001: Hibernate Commons Annotations {5.1.2.Final}
2024-01-18 00:29:25.344  INFO 3172 --- [main] org.hibernate.dialect.Dialect            : HHH000400: Using dialect: org.hibernate.dialect.H2Dialect
2024-01-18 00:29:25.943  INFO 3172 --- [main] o.h.e.t.j.p.i.JtaPlatformInitiator       : HHH000490: Using JtaPlatform implementation: [org.hibernate.engine.transaction.jta.platform.internal.NoJtaPlatform]
2024-01-18 00:29:25.951  INFO 3172 --- [main] j.LocalContainerEntityManagerFactoryBean : Initialized JPA EntityManagerFactory for persistence unit 'default'
2024-01-18 00:29:26.413  WARN 3172 --- [main] JpaBaseConfiguration$JpaWebConfiguration : spring.jpa.open-in-view is enabled by default. Therefore, database queries may be performed during view rendering. Explicitly configure spring.jpa.open-in-view to disable this warning
2024-01-18 00:29:26.783  INFO 3172 --- [main] o.s.b.w.embedded.tomcat.TomcatWebServer  : Tomcat started on port(s): 8082 (http) with context path ''
2024-01-18 00:29:26.792  INFO 3172 --- [main] com.employee.EmployeeApplication         : Started EmployeeApplication in 4.181 seconds (JVM running for 4.885)
2024-01-18 00:30:06.122  INFO 3172 --- [RMI TCP Connection(4)-127.0.0.1] inMXBeanRegistrar$SpringApplicationAdmin : Application shutdown requested.
2024-01-18 00:30:06.142  INFO 3172 --- [RMI TCP Connection(4)-127.0.0.1] j.LocalContainerEntityManagerFactoryBean : Closing JPA EntityManagerFactory for persistence unit 'default'
2024-01-18 00:30:06.142  INFO 3172 --- [RMI TCP Connection(4)-127.0.0.1] com.zaxxer.hikari.HikariDataSource       : HikariPool-1 - Shutdown initiated...
2024-01-18 00:30:06.149  INFO 3172 --- [RMI TCP Connection(4)-127.0.0.1] com.zaxxer.hikari.HikariDataSource       : HikariPool-1 - Shutdown completed.
2024-01-18 00:30:10.432  INFO 3320 --- [main] com.employee.EmployeeApplication         : Starting EmployeeApplication using Java 17.0.9 on Suchitra with PID 3320 (D:\Microser\EmployeeJpqlQuerys\target\classes started by suchi in D:\Microser\EmployeeJpqlQuerys)
2024-01-18 00:30:10.435  INFO 3320 --- [main] com.employee.EmployeeApplication         : No active profile set, falling back to default profiles: default
2024-01-18 00:30:11.276  INFO 3320 --- [main] .s.d.r.c.RepositoryConfigurationDelegate : Bootstrapping Spring Data JPA repositories in DEFAULT mode.
2024-01-18 00:30:11.345  INFO 3320 --- [main] .s.d.r.c.RepositoryConfigurationDelegate : Finished Spring Data repository scanning in 60 ms. Found 3 JPA repository interfaces.
2024-01-18 00:30:12.003  INFO 3320 --- [main] o.s.b.w.embedded.tomcat.TomcatWebServer  : Tomcat initialized with port(s): 8082 (http)
2024-01-18 00:30:12.014  INFO 3320 --- [main] o.apache.catalina.core.StandardService   : Starting service [Tomcat]
2024-01-18 00:30:12.015  INFO 3320 --- [main] org.apache.catalina.core.StandardEngine  : Starting Servlet engine: [Apache Tomcat/9.0.48]
2024-01-18 00:30:12.109  INFO 3320 --- [main] o.a.c.c.C.[Tomcat].[localhost].[/]       : Initializing Spring embedded WebApplicationContext
2024-01-18 00:30:12.110  INFO 3320 --- [main] w.s.c.ServletWebServerApplicationContext : Root WebApplicationContext: initialization completed in 1563 ms
2024-01-18 00:30:12.156  INFO 3320 --- [main] com.zaxxer.hikari.HikariDataSource       : HikariPool-1 - Starting...
2024-01-18 00:30:12.367  INFO 3320 --- [main] com.zaxxer.hikari.HikariDataSource       : HikariPool-1 - Start completed.
2024-01-18 00:30:12.377  INFO 3320 --- [main] o.s.b.a.h2.H2ConsoleAutoConfiguration    : H2 console available at '/h2-console'. Database available at 'jdbc:h2:mem:testdb'
2024-01-18 00:30:12.493  INFO 3320 --- [main] o.hibernate.jpa.internal.util.LogHelper  : HHH000204: Processing PersistenceUnitInfo [name: default]
2024-01-18 00:30:12.554  INFO 3320 --- [main] org.hibernate.Version                    : HHH000412: Hibernate ORM core version 5.4.32.Final
2024-01-18 00:30:12.692  INFO 3320 --- [main] o.hibernate.annotations.common.Version   : HCANN000001: Hibernate Commons Annotations {5.1.2.Final}
2024-01-18 00:30:12.798  INFO 3320 --- [main] org.hibernate.dialect.Dialect            : HHH000400: Using dialect: org.hibernate.dialect.H2Dialect
2024-01-18 00:30:13.324  INFO 3320 --- [main] o.h.e.t.j.p.i.JtaPlatformInitiator       : HHH000490: Using JtaPlatform implementation: [org.hibernate.engine.transaction.jta.platform.internal.NoJtaPlatform]
2024-01-18 00:30:13.332  INFO 3320 --- [main] j.LocalContainerEntityManagerFactoryBean : Initialized JPA EntityManagerFactory for persistence unit 'default'
2024-01-18 00:30:13.797  WARN 3320 --- [main] JpaBaseConfiguration$JpaWebConfiguration : spring.jpa.open-in-view is enabled by default. Therefore, database queries may be performed during view rendering. Explicitly configure spring.jpa.open-in-view to disable this warning
2024-01-18 00:30:14.173  INFO 3320 --- [main] o.s.b.w.embedded.tomcat.TomcatWebServer  : Tomcat started on port(s): 8082 (http) with context path ''
2024-01-18 00:30:14.185  INFO 3320 --- [main] com.employee.EmployeeApplication         : Started EmployeeApplication in 4.123 seconds (JVM running for 4.889)
2024-01-18 00:30:24.257  INFO 3320 --- [http-nio-8082-exec-2] o.a.c.c.C.[Tomcat].[localhost].[/]       : Initializing Spring DispatcherServlet 'dispatcherServlet'
2024-01-18 00:30:24.257  INFO 3320 --- [http-nio-8082-exec-2] o.s.web.servlet.DispatcherServlet        : Initializing Servlet 'dispatcherServlet'
2024-01-18 00:30:24.258  INFO 3320 --- [http-nio-8082-exec-2] o.s.web.servlet.DispatcherServlet        : Completed initialization in 1 ms
2024-01-18 00:31:45.497  INFO 3320 --- [RMI TCP Connection(4)-127.0.0.1] inMXBeanRegistrar$SpringApplicationAdmin : Application shutdown requested.
2024-01-18 00:31:45.519  INFO 3320 --- [RMI TCP Connection(4)-127.0.0.1] j.LocalContainerEntityManagerFactoryBean : Closing JPA EntityManagerFactory for persistence unit 'default'
2024-01-18 00:31:45.522  INFO 3320 --- [RMI TCP Connection(4)-127.0.0.1] com.zaxxer.hikari.HikariDataSource       : HikariPool-1 - Shutdown initiated...
2024-01-18 00:31:45.527  INFO 3320 --- [RMI TCP Connection(4)-127.0.0.1] com.zaxxer.hikari.HikariDataSource       : HikariPool-1 - Shutdown completed.
2024-01-18 00:31:47.735  INFO 5268 --- [main] com.employee.EmployeeApplication         : Starting EmployeeApplication using Java 17.0.9 on Suchitra with PID 5268 (D:\Microser\EmployeeJpqlQuerys\target\classes started by suchi in D:\Microser\EmployeeJpqlQuerys)
2024-01-18 00:31:47.739  INFO 5268 --- [main] com.employee.EmployeeApplication         : No active profile set, falling back to default profiles: default
2024-01-18 00:31:48.366  INFO 5268 --- [main] .s.d.r.c.RepositoryConfigurationDelegate : Bootstrapping Spring Data JPA repositories in DEFAULT mode.
2024-01-18 00:31:48.440  INFO 5268 --- [main] .s.d.r.c.RepositoryConfigurationDelegate : Finished Spring Data repository scanning in 57 ms. Found 3 JPA repository interfaces.
2024-01-18 00:31:48.899  INFO 5268 --- [main] o.s.b.w.embedded.tomcat.TomcatWebServer  : Tomcat initialized with port(s): 8082 (http)
2024-01-18 00:31:48.909  INFO 5268 --- [main] o.apache.catalina.core.StandardService   : Starting service [Tomcat]
2024-01-18 00:31:48.910  INFO 5268 --- [main] org.apache.catalina.core.StandardEngine  : Starting Servlet engine: [Apache Tomcat/9.0.48]
2024-01-18 00:31:49.005  INFO 5268 --- [main] o.a.c.c.C.[Tomcat].[localhost].[/]       : Initializing Spring embedded WebApplicationContext
2024-01-18 00:31:49.005  INFO 5268 --- [main] w.s.c.ServletWebServerApplicationContext : Root WebApplicationContext: initialization completed in 1201 ms
2024-01-18 00:31:49.049  INFO 5268 --- [main] com.zaxxer.hikari.HikariDataSource       : HikariPool-1 - Starting...
2024-01-18 00:31:49.246  INFO 5268 --- [main] com.zaxxer.hikari.HikariDataSource       : HikariPool-1 - Start completed.
2024-01-18 00:31:49.255  INFO 5268 --- [main] o.s.b.a.h2.H2ConsoleAutoConfiguration    : H2 console available at '/h2-console'. Database available at 'jdbc:h2:mem:testdb'
2024-01-18 00:31:49.376  INFO 5268 --- [main] o.hibernate.jpa.internal.util.LogHelper  : HHH000204: Processing PersistenceUnitInfo [name: default]
2024-01-18 00:31:49.425  INFO 5268 --- [main] org.hibernate.Version                    : HHH000412: Hibernate ORM core version 5.4.32.Final
2024-01-18 00:31:49.556  INFO 5268 --- [main] o.hibernate.annotations.common.Version   : HCANN000001: Hibernate Commons Annotations {5.1.2.Final}
2024-01-18 00:31:49.665  INFO 5268 --- [main] org.hibernate.dialect.Dialect            : HHH000400: Using dialect: org.hibernate.dialect.H2Dialect
2024-01-18 00:31:50.171  INFO 5268 --- [main] o.h.e.t.j.p.i.JtaPlatformInitiator       : HHH000490: Using JtaPlatform implementation: [org.hibernate.engine.transaction.jta.platform.internal.NoJtaPlatform]
2024-01-18 00:31:50.177  INFO 5268 --- [main] j.LocalContainerEntityManagerFactoryBean : Initialized JPA EntityManagerFactory for persistence unit 'default'
2024-01-18 00:31:50.615  WARN 5268 --- [main] JpaBaseConfiguration$JpaWebConfiguration : spring.jpa.open-in-view is enabled by default. Therefore, database queries may be performed during view rendering. Explicitly configure spring.jpa.open-in-view to disable this warning
2024-01-18 00:31:50.970  INFO 5268 --- [main] o.s.b.w.embedded.tomcat.TomcatWebServer  : Tomcat started on port(s): 8082 (http) with context path ''
2024-01-18 00:31:50.982  INFO 5268 --- [main] com.employee.EmployeeApplication         : Started EmployeeApplication in 3.631 seconds (JVM running for 4.375)
2024-01-18 00:32:18.862  INFO 5268 --- [http-nio-8082-exec-2] o.a.c.c.C.[Tomcat].[localhost].[/]       : Initializing Spring DispatcherServlet 'dispatcherServlet'
2024-01-18 00:32:18.862  INFO 5268 --- [http-nio-8082-exec-2] o.s.web.servlet.DispatcherServlet        : Initializing Servlet 'dispatcherServlet'
2024-01-18 00:32:18.864  INFO 5268 --- [http-nio-8082-exec-2] o.s.web.servlet.DispatcherServlet        : Completed initialization in 2 ms
2024-01-18 00:40:12.046  INFO 5268 --- [RMI TCP Connection(13)-127.0.0.1] inMXBeanRegistrar$SpringApplicationAdmin : Application shutdown requested.
2024-01-18 00:40:12.068  INFO 5268 --- [RMI TCP Connection(13)-127.0.0.1] j.LocalContainerEntityManagerFactoryBean : Closing JPA EntityManagerFactory for persistence unit 'default'
2024-01-18 00:40:12.070  INFO 5268 --- [RMI TCP Connection(13)-127.0.0.1] com.zaxxer.hikari.HikariDataSource       : HikariPool-1 - Shutdown initiated...
2024-01-18 00:40:12.072  INFO 5268 --- [RMI TCP Connection(13)-127.0.0.1] com.zaxxer.hikari.HikariDataSource       : HikariPool-1 - Shutdown completed.
2024-01-18 00:40:14.354  INFO 6368 --- [main] com.employee.EmployeeApplication         : Starting EmployeeApplication using Java 17.0.9 on Suchitra with PID 6368 (D:\Microser\EmployeeJpqlQuerys\target\classes started by suchi in D:\Microser\EmployeeJpqlQuerys)
2024-01-18 00:40:14.359  INFO 6368 --- [main] com.employee.EmployeeApplication         : No active profile set, falling back to default profiles: default
2024-01-18 00:40:15.011  INFO 6368 --- [main] .s.d.r.c.RepositoryConfigurationDelegate : Bootstrapping Spring Data JPA repositories in DEFAULT mode.
2024-01-18 00:40:15.075  INFO 6368 --- [main] .s.d.r.c.RepositoryConfigurationDelegate : Finished Spring Data repository scanning in 54 ms. Found 3 JPA repository interfaces.
2024-01-18 00:40:15.539  INFO 6368 --- [main] o.s.b.w.embedded.tomcat.TomcatWebServer  : Tomcat initialized with port(s): 8082 (http)
2024-01-18 00:40:15.550  INFO 6368 --- [main] o.apache.catalina.core.StandardService   : Starting service [Tomcat]
2024-01-18 00:40:15.550  INFO 6368 --- [main] org.apache.catalina.core.StandardEngine  : Starting Servlet engine: [Apache Tomcat/9.0.48]
2024-01-18 00:40:15.644  INFO 6368 --- [main] o.a.c.c.C.[Tomcat].[localhost].[/]       : Initializing Spring embedded WebApplicationContext
2024-01-18 00:40:15.645  INFO 6368 --- [main] w.s.c.ServletWebServerApplicationContext : Root WebApplicationContext: initialization completed in 1218 ms
2024-01-18 00:40:15.684  INFO 6368 --- [main] com.zaxxer.hikari.HikariDataSource       : HikariPool-1 - Starting...
2024-01-18 00:40:15.879  INFO 6368 --- [main] com.zaxxer.hikari.HikariDataSource       : HikariPool-1 - Start completed.
2024-01-18 00:40:15.887  INFO 6368 --- [main] o.s.b.a.h2.H2ConsoleAutoConfiguration    : H2 console available at '/h2-console'. Database available at 'jdbc:h2:mem:testdb'
2024-01-18 00:40:16.002  INFO 6368 --- [main] o.hibernate.jpa.internal.util.LogHelper  : HHH000204: Processing PersistenceUnitInfo [name: default]
2024-01-18 00:40:16.056  INFO 6368 --- [main] org.hibernate.Version                    : HHH000412: Hibernate ORM core version 5.4.32.Final
2024-01-18 00:40:16.177  INFO 6368 --- [main] o.hibernate.annotations.common.Version   : HCANN000001: Hibernate Commons Annotations {5.1.2.Final}
2024-01-18 00:40:16.284  INFO 6368 --- [main] org.hibernate.dialect.Dialect            : HHH000400: Using dialect: org.hibernate.dialect.H2Dialect
2024-01-18 00:40:16.802  INFO 6368 --- [main] o.h.e.t.j.p.i.JtaPlatformInitiator       : HHH000490: Using JtaPlatform implementation: [org.hibernate.engine.transaction.jta.platform.internal.NoJtaPlatform]
2024-01-18 00:40:16.810  INFO 6368 --- [main] j.LocalContainerEntityManagerFactoryBean : Initialized JPA EntityManagerFactory for persistence unit 'default'
2024-01-18 00:40:17.253  WARN 6368 --- [main] JpaBaseConfiguration$JpaWebConfiguration : spring.jpa.open-in-view is enabled by default. Therefore, database queries may be performed during view rendering. Explicitly configure spring.jpa.open-in-view to disable this warning
2024-01-18 00:40:17.604  INFO 6368 --- [main] o.s.b.w.embedded.tomcat.TomcatWebServer  : Tomcat started on port(s): 8082 (http) with context path ''
2024-01-18 00:40:17.615  INFO 6368 --- [main] com.employee.EmployeeApplication         : Started EmployeeApplication in 3.663 seconds (JVM running for 4.446)
2024-01-18 00:40:50.300  INFO 6368 --- [http-nio-8082-exec-2] o.a.c.c.C.[Tomcat].[localhost].[/]       : Initializing Spring DispatcherServlet 'dispatcherServlet'
2024-01-18 00:40:50.300  INFO 6368 --- [http-nio-8082-exec-2] o.s.web.servlet.DispatcherServlet        : Initializing Servlet 'dispatcherServlet'
2024-01-18 00:40:50.301  INFO 6368 --- [http-nio-8082-exec-2] o.s.web.servlet.DispatcherServlet        : Completed initialization in 1 ms
2024-01-18 00:44:14.090  INFO 6368 --- [RMI TCP Connection(7)-127.0.0.1] inMXBeanRegistrar$SpringApplicationAdmin : Application shutdown requested.
2024-01-18 00:44:14.120  INFO 6368 --- [RMI TCP Connection(7)-127.0.0.1] j.LocalContainerEntityManagerFactoryBean : Closing JPA EntityManagerFactory for persistence unit 'default'
2024-01-18 00:44:14.122  INFO 6368 --- [RMI TCP Connection(7)-127.0.0.1] com.zaxxer.hikari.HikariDataSource       : HikariPool-1 - Shutdown initiated...
2024-01-18 00:44:14.123  INFO 6368 --- [RMI TCP Connection(7)-127.0.0.1] com.zaxxer.hikari.HikariDataSource       : HikariPool-1 - Shutdown completed.
2024-01-18 00:44:16.479  INFO 14296 --- [main] com.employee.EmployeeApplication         : Starting EmployeeApplication using Java 17.0.9 on Suchitra with PID 14296 (D:\Microser\EmployeeJpqlQuerys\target\classes started by suchi in D:\Microser\EmployeeJpqlQuerys)
2024-01-18 00:44:16.482  INFO 14296 --- [main] com.employee.EmployeeApplication         : No active profile set, falling back to default profiles: default
2024-01-18 00:44:17.131  INFO 14296 --- [main] .s.d.r.c.RepositoryConfigurationDelegate : Bootstrapping Spring Data JPA repositories in DEFAULT mode.
2024-01-18 00:44:17.182  INFO 14296 --- [main] .s.d.r.c.RepositoryConfigurationDelegate : Finished Spring Data repository scanning in 44 ms. Found 3 JPA repository interfaces.
2024-01-18 00:44:17.862  INFO 14296 --- [main] o.s.b.w.embedded.tomcat.TomcatWebServer  : Tomcat initialized with port(s): 8082 (http)
2024-01-18 00:44:17.874  INFO 14296 --- [main] o.apache.catalina.core.StandardService   : Starting service [Tomcat]
2024-01-18 00:44:17.874  INFO 14296 --- [main] org.apache.catalina.core.StandardEngine  : Starting Servlet engine: [Apache Tomcat/9.0.48]
2024-01-18 00:44:17.971  INFO 14296 --- [main] o.a.c.c.C.[Tomcat].[localhost].[/]       : Initializing Spring embedded WebApplicationContext
2024-01-18 00:44:17.972  INFO 14296 --- [main] w.s.c.ServletWebServerApplicationContext : Root WebApplicationContext: initialization completed in 1416 ms
2024-01-18 00:44:18.018  INFO 14296 --- [main] com.zaxxer.hikari.HikariDataSource       : HikariPool-1 - Starting...
2024-01-18 00:44:18.239  INFO 14296 --- [main] com.zaxxer.hikari.HikariDataSource       : HikariPool-1 - Start completed.
2024-01-18 00:44:18.246  INFO 14296 --- [main] o.s.b.a.h2.H2ConsoleAutoConfiguration    : H2 console available at '/h2-console'. Database available at 'jdbc:h2:mem:testdb'
2024-01-18 00:44:18.367  INFO 14296 --- [main] o.hibernate.jpa.internal.util.LogHelper  : HHH000204: Processing PersistenceUnitInfo [name: default]
2024-01-18 00:44:18.432  INFO 14296 --- [main] org.hibernate.Version                    : HHH000412: Hibernate ORM core version 5.4.32.Final
2024-01-18 00:44:18.627  INFO 14296 --- [main] o.hibernate.annotations.common.Version   : HCANN000001: Hibernate Commons Annotations {5.1.2.Final}
2024-01-18 00:44:18.800  INFO 14296 --- [main] org.hibernate.dialect.Dialect            : HHH000400: Using dialect: org.hibernate.dialect.H2Dialect
2024-01-18 00:44:19.440  INFO 14296 --- [main] o.h.e.t.j.p.i.JtaPlatformInitiator       : HHH000490: Using JtaPlatform implementation: [org.hibernate.engine.transaction.jta.platform.internal.NoJtaPlatform]
2024-01-18 00:44:19.447  INFO 14296 --- [main] j.LocalContainerEntityManagerFactoryBean : Initialized JPA EntityManagerFactory for persistence unit 'default'
2024-01-18 00:44:20.055  WARN 14296 --- [main] JpaBaseConfiguration$JpaWebConfiguration : spring.jpa.open-in-view is enabled by default. Therefore, database queries may be performed during view rendering. Explicitly configure spring.jpa.open-in-view to disable this warning
2024-01-18 00:44:20.409  INFO 14296 --- [main] o.s.b.w.embedded.tomcat.TomcatWebServer  : Tomcat started on port(s): 8082 (http) with context path ''
2024-01-18 00:44:20.424  INFO 14296 --- [main] com.employee.EmployeeApplication         : Started EmployeeApplication in 4.352 seconds (JVM running for 5.19)
2024-01-18 00:44:23.209  INFO 14296 --- [RMI TCP Connection(2)-127.0.0.1] inMXBeanRegistrar$SpringApplicationAdmin : Application shutdown requested.
2024-01-18 00:44:23.241  INFO 14296 --- [RMI TCP Connection(2)-127.0.0.1] j.LocalContainerEntityManagerFactoryBean : Closing JPA EntityManagerFactory for persistence unit 'default'
2024-01-18 00:44:23.243  INFO 14296 --- [RMI TCP Connection(2)-127.0.0.1] com.zaxxer.hikari.HikariDataSource       : HikariPool-1 - Shutdown initiated...
2024-01-18 00:44:23.245  INFO 14296 --- [RMI TCP Connection(2)-127.0.0.1] com.zaxxer.hikari.HikariDataSource       : HikariPool-1 - Shutdown completed.
2024-01-18 00:44:44.765  INFO 13048 --- [main] com.employee.EmployeeApplication         : Starting EmployeeApplication using Java 17.0.9 on Suchitra with PID 13048 (D:\Microser\EmployeeJpqlQuerys\target\classes started by suchi in D:\Microser\EmployeeJpqlQuerys)
2024-01-18 00:44:44.767  INFO 13048 --- [main] com.employee.EmployeeApplication         : No active profile set, falling back to default profiles: default
2024-01-18 00:44:45.488  INFO 13048 --- [main] .s.d.r.c.RepositoryConfigurationDelegate : Bootstrapping Spring Data JPA repositories in DEFAULT mode.
2024-01-18 00:44:45.545  INFO 13048 --- [main] .s.d.r.c.RepositoryConfigurationDelegate : Finished Spring Data repository scanning in 49 ms. Found 3 JPA repository interfaces.
2024-01-18 00:44:46.007  INFO 13048 --- [main] o.s.b.w.embedded.tomcat.TomcatWebServer  : Tomcat initialized with port(s): 8082 (http)
2024-01-18 00:44:46.017  INFO 13048 --- [main] o.apache.catalina.core.StandardService   : Starting service [Tomcat]
2024-01-18 00:44:46.017  INFO 13048 --- [main] org.apache.catalina.core.StandardEngine  : Starting Servlet engine: [Apache Tomcat/9.0.48]
2024-01-18 00:44:46.098  INFO 13048 --- [main] o.a.c.c.C.[Tomcat].[localhost].[/]       : Initializing Spring embedded WebApplicationContext
2024-01-18 00:44:46.099  INFO 13048 --- [main] w.s.c.ServletWebServerApplicationContext : Root WebApplicationContext: initialization completed in 1265 ms
2024-01-18 00:44:46.142  INFO 13048 --- [main] com.zaxxer.hikari.HikariDataSource       : HikariPool-1 - Starting...
2024-01-18 00:44:46.385  INFO 13048 --- [main] com.zaxxer.hikari.HikariDataSource       : HikariPool-1 - Start completed.
2024-01-18 00:44:46.394  INFO 13048 --- [main] o.s.b.a.h2.H2ConsoleAutoConfiguration    : H2 console available at '/h2-console'. Database available at 'jdbc:h2:mem:testdb'
2024-01-18 00:44:46.513  INFO 13048 --- [main] o.hibernate.jpa.internal.util.LogHelper  : HHH000204: Processing PersistenceUnitInfo [name: default]
2024-01-18 00:44:46.561  INFO 13048 --- [main] org.hibernate.Version                    : HHH000412: Hibernate ORM core version 5.4.32.Final
2024-01-18 00:44:46.694  INFO 13048 --- [main] o.hibernate.annotations.common.Version   : HCANN000001: Hibernate Commons Annotations {5.1.2.Final}
2024-01-18 00:44:46.789  INFO 13048 --- [main] org.hibernate.dialect.Dialect            : HHH000400: Using dialect: org.hibernate.dialect.H2Dialect
2024-01-18 00:44:47.333  INFO 13048 --- [main] o.h.e.t.j.p.i.JtaPlatformInitiator       : HHH000490: Using JtaPlatform implementation: [org.hibernate.engine.transaction.jta.platform.internal.NoJtaPlatform]
2024-01-18 00:44:47.344  INFO 13048 --- [main] j.LocalContainerEntityManagerFactoryBean : Initialized JPA EntityManagerFactory for persistence unit 'default'
2024-01-18 00:44:47.812  WARN 13048 --- [main] JpaBaseConfiguration$JpaWebConfiguration : spring.jpa.open-in-view is enabled by default. Therefore, database queries may be performed during view rendering. Explicitly configure spring.jpa.open-in-view to disable this warning
2024-01-18 00:44:48.166  INFO 13048 --- [main] o.s.b.w.embedded.tomcat.TomcatWebServer  : Tomcat started on port(s): 8082 (http) with context path ''
2024-01-18 00:44:48.177  INFO 13048 --- [main] com.employee.EmployeeApplication         : Started EmployeeApplication in 3.77 seconds (JVM running for 4.613)
2024-01-18 00:44:56.671  INFO 13048 --- [http-nio-8082-exec-3] o.a.c.c.C.[Tomcat].[localhost].[/]       : Initializing Spring DispatcherServlet 'dispatcherServlet'
2024-01-18 00:44:56.671  INFO 13048 --- [http-nio-8082-exec-3] o.s.web.servlet.DispatcherServlet        : Initializing Servlet 'dispatcherServlet'
2024-01-18 00:44:56.674  INFO 13048 --- [http-nio-8082-exec-3] o.s.web.servlet.DispatcherServlet        : Completed initialization in 3 ms
2024-01-18 00:48:09.685  INFO 13048 --- [RMI TCP Connection(7)-127.0.0.1] inMXBeanRegistrar$SpringApplicationAdmin : Application shutdown requested.
2024-01-18 00:48:09.715  INFO 13048 --- [RMI TCP Connection(7)-127.0.0.1] j.LocalContainerEntityManagerFactoryBean : Closing JPA EntityManagerFactory for persistence unit 'default'
2024-01-18 00:48:09.717  INFO 13048 --- [RMI TCP Connection(7)-127.0.0.1] com.zaxxer.hikari.HikariDataSource       : HikariPool-1 - Shutdown initiated...
2024-01-18 00:48:09.718  INFO 13048 --- [RMI TCP Connection(7)-127.0.0.1] com.zaxxer.hikari.HikariDataSource       : HikariPool-1 - Shutdown completed.
2024-01-18 00:48:11.999  INFO 13340 --- [main] com.employee.EmployeeApplication         : Starting EmployeeApplication using Java 17.0.9 on Suchitra with PID 13340 (D:\Microser\EmployeeJpqlQuerys\target\classes started by suchi in D:\Microser\EmployeeJpqlQuerys)
2024-01-18 00:48:12.002  INFO 13340 --- [main] com.employee.EmployeeApplication         : No active profile set, falling back to default profiles: default
2024-01-18 00:48:12.827  INFO 13340 --- [main] .s.d.r.c.RepositoryConfigurationDelegate : Bootstrapping Spring Data JPA repositories in DEFAULT mode.
2024-01-18 00:48:12.888  INFO 13340 --- [main] .s.d.r.c.RepositoryConfigurationDelegate : Finished Spring Data repository scanning in 46 ms. Found 3 JPA repository interfaces.
2024-01-18 00:48:13.363  INFO 13340 --- [main] o.s.b.w.embedded.tomcat.TomcatWebServer  : Tomcat initialized with port(s): 8082 (http)
2024-01-18 00:48:13.374  INFO 13340 --- [main] o.apache.catalina.core.StandardService   : Starting service [Tomcat]
2024-01-18 00:48:13.374  INFO 13340 --- [main] org.apache.catalina.core.StandardEngine  : Starting Servlet engine: [Apache Tomcat/9.0.48]
2024-01-18 00:48:13.466  INFO 13340 --- [main] o.a.c.c.C.[Tomcat].[localhost].[/]       : Initializing Spring embedded WebApplicationContext
2024-01-18 00:48:13.466  INFO 13340 --- [main] w.s.c.ServletWebServerApplicationContext : Root WebApplicationContext: initialization completed in 1395 ms
2024-01-18 00:48:13.512  INFO 13340 --- [main] com.zaxxer.hikari.HikariDataSource       : HikariPool-1 - Starting...
2024-01-18 00:48:13.717  INFO 13340 --- [main] com.zaxxer.hikari.HikariDataSource       : HikariPool-1 - Start completed.
2024-01-18 00:48:13.725  INFO 13340 --- [main] o.s.b.a.h2.H2ConsoleAutoConfiguration    : H2 console available at '/h2-console'. Database available at 'jdbc:h2:mem:testdb'
2024-01-18 00:48:13.853  INFO 13340 --- [main] o.hibernate.jpa.internal.util.LogHelper  : HHH000204: Processing PersistenceUnitInfo [name: default]
2024-01-18 00:48:13.900  INFO 13340 --- [main] org.hibernate.Version                    : HHH000412: Hibernate ORM core version 5.4.32.Final
2024-01-18 00:48:14.037  INFO 13340 --- [main] o.hibernate.annotations.common.Version   : HCANN000001: Hibernate Commons Annotations {5.1.2.Final}
2024-01-18 00:48:14.154  INFO 13340 --- [main] org.hibernate.dialect.Dialect            : HHH000400: Using dialect: org.hibernate.dialect.H2Dialect
2024-01-18 00:48:14.685  INFO 13340 --- [main] o.h.e.t.j.p.i.JtaPlatformInitiator       : HHH000490: Using JtaPlatform implementation: [org.hibernate.engine.transaction.jta.platform.internal.NoJtaPlatform]
2024-01-18 00:48:14.695  INFO 13340 --- [main] j.LocalContainerEntityManagerFactoryBean : Initialized JPA EntityManagerFactory for persistence unit 'default'
2024-01-18 00:48:15.309  WARN 13340 --- [main] JpaBaseConfiguration$JpaWebConfiguration : spring.jpa.open-in-view is enabled by default. Therefore, database queries may be performed during view rendering. Explicitly configure spring.jpa.open-in-view to disable this warning
2024-01-18 00:48:15.460  INFO 13340 --- [main] pertySourcedRequestMappingHandlerMapping : Mapped URL path [/v2/api-docs] onto method [springfox.documentation.swagger2.web.Swagger2Controller#getDocumentation(String, HttpServletRequest)]
2024-01-18 00:48:15.813  INFO 13340 --- [main] o.s.b.w.embedded.tomcat.TomcatWebServer  : Tomcat started on port(s): 8082 (http) with context path ''
2024-01-18 00:48:15.814  INFO 13340 --- [main] d.s.w.p.DocumentationPluginsBootstrapper : Context refreshed
2024-01-18 00:48:15.833  INFO 13340 --- [main] d.s.w.p.DocumentationPluginsBootstrapper : Found 1 custom documentation plugin(s)
2024-01-18 00:48:15.854  INFO 13340 --- [main] s.d.s.w.s.ApiListingReferenceScanner     : Scanning for api listing references
2024-01-18 00:48:16.002  INFO 13340 --- [main] .d.s.w.r.o.CachingOperationNameGenerator : Generating unique operation named: getAllEmpUsingGET_1
2024-01-18 00:48:16.008  INFO 13340 --- [main] .d.s.w.r.o.CachingOperationNameGenerator : Generating unique operation named: getByIdAndNameUsingGET_1
2024-01-18 00:48:16.014  INFO 13340 --- [main] .d.s.w.r.o.CachingOperationNameGenerator : Generating unique operation named: getByNameOrAddressUsingGET_1
2024-01-18 00:48:16.055  INFO 13340 --- [main] com.employee.EmployeeApplication         : Started EmployeeApplication in 4.435 seconds (JVM running for 5.189)
2024-01-18 00:48:35.786  INFO 13340 --- [http-nio-8082-exec-1] o.a.c.c.C.[Tomcat].[localhost].[/]       : Initializing Spring DispatcherServlet 'dispatcherServlet'
2024-01-18 00:48:35.787  INFO 13340 --- [http-nio-8082-exec-1] o.s.web.servlet.DispatcherServlet        : Initializing Servlet 'dispatcherServlet'
2024-01-18 00:48:35.792  INFO 13340 --- [http-nio-8082-exec-1] o.s.web.servlet.DispatcherServlet        : Completed initialization in 5 ms
2024-01-18 00:52:13.577  INFO 13340 --- [RMI TCP Connection(7)-127.0.0.1] inMXBeanRegistrar$SpringApplicationAdmin : Application shutdown requested.
2024-01-18 00:52:13.602  INFO 13340 --- [RMI TCP Connection(7)-127.0.0.1] j.LocalContainerEntityManagerFactoryBean : Closing JPA EntityManagerFactory for persistence unit 'default'
2024-01-18 00:52:13.605  INFO 13340 --- [RMI TCP Connection(7)-127.0.0.1] com.zaxxer.hikari.HikariDataSource       : HikariPool-1 - Shutdown initiated...
2024-01-18 00:52:13.608  INFO 13340 --- [RMI TCP Connection(7)-127.0.0.1] com.zaxxer.hikari.HikariDataSource       : HikariPool-1 - Shutdown completed.
2024-01-18 00:52:16.051  INFO 2640 --- [main] com.employee.EmployeeApplication         : Starting EmployeeApplication using Java 17.0.9 on Suchitra with PID 2640 (D:\Microser\EmployeeJpqlQuerys\target\classes started by suchi in D:\Microser\EmployeeJpqlQuerys)
2024-01-18 00:52:16.055  INFO 2640 --- [main] com.employee.EmployeeApplication         : No active profile set, falling back to default profiles: default
2024-01-18 00:52:16.884  INFO 2640 --- [main] .s.d.r.c.RepositoryConfigurationDelegate : Bootstrapping Spring Data JPA repositories in DEFAULT mode.
2024-01-18 00:52:16.952  INFO 2640 --- [main] .s.d.r.c.RepositoryConfigurationDelegate : Finished Spring Data repository scanning in 58 ms. Found 3 JPA repository interfaces.
2024-01-18 00:52:17.426  INFO 2640 --- [main] o.s.b.w.embedded.tomcat.TomcatWebServer  : Tomcat initialized with port(s): 8082 (http)
2024-01-18 00:52:17.437  INFO 2640 --- [main] o.apache.catalina.core.StandardService   : Starting service [Tomcat]
2024-01-18 00:52:17.437  INFO 2640 --- [main] org.apache.catalina.core.StandardEngine  : Starting Servlet engine: [Apache Tomcat/9.0.48]
2024-01-18 00:52:17.529  INFO 2640 --- [main] o.a.c.c.C.[Tomcat].[localhost].[/]       : Initializing Spring embedded WebApplicationContext
2024-01-18 00:52:17.529  INFO 2640 --- [main] w.s.c.ServletWebServerApplicationContext : Root WebApplicationContext: initialization completed in 1402 ms
2024-01-18 00:52:17.575  INFO 2640 --- [main] com.zaxxer.hikari.HikariDataSource       : HikariPool-1 - Starting...
2024-01-18 00:52:17.767  INFO 2640 --- [main] com.zaxxer.hikari.HikariDataSource       : HikariPool-1 - Start completed.
2024-01-18 00:52:17.776  INFO 2640 --- [main] o.s.b.a.h2.H2ConsoleAutoConfiguration    : H2 console available at '/h2-console'. Database available at 'jdbc:h2:mem:testdb'
2024-01-18 00:52:17.912  INFO 2640 --- [main] o.hibernate.jpa.internal.util.LogHelper  : HHH000204: Processing PersistenceUnitInfo [name: default]
2024-01-18 00:52:17.966  INFO 2640 --- [main] org.hibernate.Version                    : HHH000412: Hibernate ORM core version 5.4.32.Final
2024-01-18 00:52:18.088  INFO 2640 --- [main] o.hibernate.annotations.common.Version   : HCANN000001: Hibernate Commons Annotations {5.1.2.Final}
2024-01-18 00:52:18.197  INFO 2640 --- [main] org.hibernate.dialect.Dialect            : HHH000400: Using dialect: org.hibernate.dialect.H2Dialect
2024-01-18 00:52:18.717  INFO 2640 --- [main] o.h.e.t.j.p.i.JtaPlatformInitiator       : HHH000490: Using JtaPlatform implementation: [org.hibernate.engine.transaction.jta.platform.internal.NoJtaPlatform]
2024-01-18 00:52:18.726  INFO 2640 --- [main] j.LocalContainerEntityManagerFactoryBean : Initialized JPA EntityManagerFactory for persistence unit 'default'
2024-01-18 00:52:19.324  WARN 2640 --- [main] JpaBaseConfiguration$JpaWebConfiguration : spring.jpa.open-in-view is enabled by default. Therefore, database queries may be performed during view rendering. Explicitly configure spring.jpa.open-in-view to disable this warning
2024-01-18 00:52:19.470  INFO 2640 --- [main] pertySourcedRequestMappingHandlerMapping : Mapped URL path [/v2/api-docs] onto method [springfox.documentation.swagger2.web.Swagger2Controller#getDocumentation(String, HttpServletRequest)]
2024-01-18 00:52:19.811  INFO 2640 --- [main] o.s.b.w.embedded.tomcat.TomcatWebServer  : Tomcat started on port(s): 8082 (http) with context path ''
2024-01-18 00:52:19.812  INFO 2640 --- [main] d.s.w.p.DocumentationPluginsBootstrapper : Context refreshed
2024-01-18 00:52:19.835  INFO 2640 --- [main] d.s.w.p.DocumentationPluginsBootstrapper : Found 1 custom documentation plugin(s)
2024-01-18 00:52:19.857  INFO 2640 --- [main] s.d.s.w.s.ApiListingReferenceScanner     : Scanning for api listing references
2024-01-18 00:52:20.003  INFO 2640 --- [main] .d.s.w.r.o.CachingOperationNameGenerator : Generating unique operation named: getAllEmpUsingGET_1
2024-01-18 00:52:20.008  INFO 2640 --- [main] .d.s.w.r.o.CachingOperationNameGenerator : Generating unique operation named: getByIdAndNameUsingGET_1
2024-01-18 00:52:20.012  INFO 2640 --- [main] .d.s.w.r.o.CachingOperationNameGenerator : Generating unique operation named: getByNameOrAddressUsingGET_1
2024-01-18 00:52:20.043  INFO 2640 --- [main] com.employee.EmployeeApplication         : Started EmployeeApplication in 4.365 seconds (JVM running for 5.147)
2024-01-18 00:52:36.762  INFO 2640 --- [http-nio-8082-exec-1] o.a.c.c.C.[Tomcat].[localhost].[/]       : Initializing Spring DispatcherServlet 'dispatcherServlet'
2024-01-18 00:52:36.762  INFO 2640 --- [http-nio-8082-exec-1] o.s.web.servlet.DispatcherServlet        : Initializing Servlet 'dispatcherServlet'
2024-01-18 00:52:36.764  INFO 2640 --- [http-nio-8082-exec-1] o.s.web.servlet.DispatcherServlet        : Completed initialization in 1 ms
2024-01-18 00:53:46.570  INFO 2640 --- [RMI TCP Connection(4)-127.0.0.1] inMXBeanRegistrar$SpringApplicationAdmin : Application shutdown requested.
2024-01-18 00:53:46.604  INFO 2640 --- [RMI TCP Connection(4)-127.0.0.1] j.LocalContainerEntityManagerFactoryBean : Closing JPA EntityManagerFactory for persistence unit 'default'
2024-01-18 00:53:46.605  INFO 2640 --- [RMI TCP Connection(4)-127.0.0.1] com.zaxxer.hikari.HikariDataSource       : HikariPool-1 - Shutdown initiated...
2024-01-18 00:53:46.608  INFO 2640 --- [RMI TCP Connection(4)-127.0.0.1] com.zaxxer.hikari.HikariDataSource       : HikariPool-1 - Shutdown completed.
2024-01-18 00:53:48.769  INFO 1380 --- [main] com.employee.EmployeeApplication         : Starting EmployeeApplication using Java 17.0.9 on Suchitra with PID 1380 (D:\Microser\EmployeeJpqlQuerys\target\classes started by suchi in D:\Microser\EmployeeJpqlQuerys)
2024-01-18 00:53:48.772  INFO 1380 --- [main] com.employee.EmployeeApplication         : No active profile set, falling back to default profiles: default
2024-01-18 00:53:49.605  INFO 1380 --- [main] .s.d.r.c.RepositoryConfigurationDelegate : Bootstrapping Spring Data JPA repositories in DEFAULT mode.
2024-01-18 00:53:49.672  INFO 1380 --- [main] .s.d.r.c.RepositoryConfigurationDelegate : Finished Spring Data repository scanning in 57 ms. Found 3 JPA repository interfaces.
2024-01-18 00:53:50.157  INFO 1380 --- [main] o.s.b.w.embedded.tomcat.TomcatWebServer  : Tomcat initialized with port(s): 8082 (http)
2024-01-18 00:53:50.166  INFO 1380 --- [main] o.apache.catalina.core.StandardService   : Starting service [Tomcat]
2024-01-18 00:53:50.167  INFO 1380 --- [main] org.apache.catalina.core.StandardEngine  : Starting Servlet engine: [Apache Tomcat/9.0.48]
2024-01-18 00:53:50.269  INFO 1380 --- [main] o.a.c.c.C.[Tomcat].[localhost].[/]       : Initializing Spring embedded WebApplicationContext
2024-01-18 00:53:50.273  INFO 1380 --- [main] w.s.c.ServletWebServerApplicationContext : Root WebApplicationContext: initialization completed in 1432 ms
2024-01-18 00:53:50.336  INFO 1380 --- [main] com.zaxxer.hikari.HikariDataSource       : HikariPool-1 - Starting...
2024-01-18 00:53:50.555  INFO 1380 --- [main] com.zaxxer.hikari.HikariDataSource       : HikariPool-1 - Start completed.
2024-01-18 00:53:50.564  INFO 1380 --- [main] o.s.b.a.h2.H2ConsoleAutoConfiguration    : H2 console available at '/h2-console'. Database available at 'jdbc:h2:mem:testdb'
2024-01-18 00:53:50.687  INFO 1380 --- [main] o.hibernate.jpa.internal.util.LogHelper  : HHH000204: Processing PersistenceUnitInfo [name: default]
2024-01-18 00:53:50.737  INFO 1380 --- [main] org.hibernate.Version                    : HHH000412: Hibernate ORM core version 5.4.32.Final
2024-01-18 00:53:50.860  INFO 1380 --- [main] o.hibernate.annotations.common.Version   : HCANN000001: Hibernate Commons Annotations {5.1.2.Final}
2024-01-18 00:53:50.972  INFO 1380 --- [main] org.hibernate.dialect.Dialect            : HHH000400: Using dialect: org.hibernate.dialect.H2Dialect
2024-01-18 00:53:51.485  INFO 1380 --- [main] o.h.e.t.j.p.i.JtaPlatformInitiator       : HHH000490: Using JtaPlatform implementation: [org.hibernate.engine.transaction.jta.platform.internal.NoJtaPlatform]
2024-01-18 00:53:51.494  INFO 1380 --- [main] j.LocalContainerEntityManagerFactoryBean : Initialized JPA EntityManagerFactory for persistence unit 'default'
2024-01-18 00:53:52.135  WARN 1380 --- [main] JpaBaseConfiguration$JpaWebConfiguration : spring.jpa.open-in-view is enabled by default. Therefore, database queries may be performed during view rendering. Explicitly configure spring.jpa.open-in-view to disable this warning
2024-01-18 00:53:52.301  INFO 1380 --- [main] pertySourcedRequestMappingHandlerMapping : Mapped URL path [/v2/api-docs] onto method [springfox.documentation.swagger2.web.Swagger2Controller#getDocumentation(String, HttpServletRequest)]
2024-01-18 00:53:52.625  INFO 1380 --- [main] o.s.b.w.embedded.tomcat.TomcatWebServer  : Tomcat started on port(s): 8082 (http) with context path ''
2024-01-18 00:53:52.626  INFO 1380 --- [main] d.s.w.p.DocumentationPluginsBootstrapper : Context refreshed
2024-01-18 00:53:52.647  INFO 1380 --- [main] d.s.w.p.DocumentationPluginsBootstrapper : Found 1 custom documentation plugin(s)
2024-01-18 00:53:52.671  INFO 1380 --- [main] s.d.s.w.s.ApiListingReferenceScanner     : Scanning for api listing references
2024-01-18 00:53:52.831  INFO 1380 --- [main] .d.s.w.r.o.CachingOperationNameGenerator : Generating unique operation named: getAllEmpUsingGET_1
2024-01-18 00:53:52.844  INFO 1380 --- [main] .d.s.w.r.o.CachingOperationNameGenerator : Generating unique operation named: getByIdAndNameUsingGET_1
2024-01-18 00:53:52.847  INFO 1380 --- [main] .d.s.w.r.o.CachingOperationNameGenerator : Generating unique operation named: getByNameOrAddressUsingGET_1
2024-01-18 00:53:52.878  INFO 1380 --- [main] com.employee.EmployeeApplication         : Started EmployeeApplication in 4.493 seconds (JVM running for 5.269)
2024-01-18 00:54:11.928  INFO 1380 --- [http-nio-8082-exec-1] o.a.c.c.C.[Tomcat].[localhost].[/]       : Initializing Spring DispatcherServlet 'dispatcherServlet'
2024-01-18 00:54:11.929  INFO 1380 --- [http-nio-8082-exec-1] o.s.web.servlet.DispatcherServlet        : Initializing Servlet 'dispatcherServlet'
2024-01-18 00:54:11.931  INFO 1380 --- [http-nio-8082-exec-1] o.s.web.servlet.DispatcherServlet        : Completed initialization in 2 ms
2024-01-18 03:56:18.540  WARN 1380 --- [HikariPool-1 housekeeper] com.zaxxer.hikari.pool.HikariPool        : HikariPool-1 - Thread starvation or clock leap detected (housekeeper delta=3h1m57s878ms846µs600ns).
2024-01-18 18:02:16.584  WARN 1380 --- [HikariPool-1 housekeeper] com.zaxxer.hikari.pool.HikariPool        : HikariPool-1 - Thread starvation or clock leap detected (housekeeper delta=14h6m5s24ms755µs300ns).
2024-01-18 18:11:16.656  INFO 1380 --- [RMI TCP Connection(14)-127.0.0.1] inMXBeanRegistrar$SpringApplicationAdmin : Application shutdown requested.
2024-01-18 18:11:16.692  INFO 1380 --- [RMI TCP Connection(14)-127.0.0.1] j.LocalContainerEntityManagerFactoryBean : Closing JPA EntityManagerFactory for persistence unit 'default'
2024-01-18 18:11:16.694  INFO 1380 --- [RMI TCP Connection(14)-127.0.0.1] com.zaxxer.hikari.HikariDataSource       : HikariPool-1 - Shutdown initiated...
2024-01-18 18:11:16.696  INFO 1380 --- [RMI TCP Connection(14)-127.0.0.1] com.zaxxer.hikari.HikariDataSource       : HikariPool-1 - Shutdown completed.
2024-01-18 18:11:22.848  INFO 14896 --- [main] com.employee.EmployeeApplication         : Starting EmployeeApplication using Java 17.0.9 on Suchitra with PID 14896 (D:\Microser\EmployeeJpqlQuerys\target\classes started by suchi in D:\Microser\EmployeeJpqlQuerys)
2024-01-18 18:11:22.854  INFO 14896 --- [main] com.employee.EmployeeApplication         : No active profile set, falling back to default profiles: default
2024-01-18 18:11:23.716  INFO 14896 --- [main] .s.d.r.c.RepositoryConfigurationDelegate : Bootstrapping Spring Data JPA repositories in DEFAULT mode.
2024-01-18 18:11:23.783  INFO 14896 --- [main] .s.d.r.c.RepositoryConfigurationDelegate : Finished Spring Data repository scanning in 56 ms. Found 3 JPA repository interfaces.
2024-01-18 18:11:24.294  INFO 14896 --- [main] o.s.b.w.embedded.tomcat.TomcatWebServer  : Tomcat initialized with port(s): 8082 (http)
2024-01-18 18:11:24.307  INFO 14896 --- [main] o.apache.catalina.core.StandardService   : Starting service [Tomcat]
2024-01-18 18:11:24.308  INFO 14896 --- [main] org.apache.catalina.core.StandardEngine  : Starting Servlet engine: [Apache Tomcat/9.0.48]
2024-01-18 18:11:24.409  INFO 14896 --- [main] o.a.c.c.C.[Tomcat].[localhost].[/]       : Initializing Spring embedded WebApplicationContext
2024-01-18 18:11:24.410  INFO 14896 --- [main] w.s.c.ServletWebServerApplicationContext : Root WebApplicationContext: initialization completed in 1485 ms
2024-01-18 18:11:24.456  INFO 14896 --- [main] com.zaxxer.hikari.HikariDataSource       : HikariPool-1 - Starting...
2024-01-18 18:11:24.686  INFO 14896 --- [main] com.zaxxer.hikari.HikariDataSource       : HikariPool-1 - Start completed.
2024-01-18 18:11:24.693  INFO 14896 --- [main] o.s.b.a.h2.H2ConsoleAutoConfiguration    : H2 console available at '/h2-console'. Database available at 'jdbc:h2:mem:testdb'
2024-01-18 18:11:24.827  INFO 14896 --- [main] o.hibernate.jpa.internal.util.LogHelper  : HHH000204: Processing PersistenceUnitInfo [name: default]
2024-01-18 18:11:24.896  INFO 14896 --- [main] org.hibernate.Version                    : HHH000412: Hibernate ORM core version 5.4.32.Final
2024-01-18 18:11:25.069  INFO 14896 --- [main] o.hibernate.annotations.common.Version   : HCANN000001: Hibernate Commons Annotations {5.1.2.Final}
2024-01-18 18:11:25.178  INFO 14896 --- [main] org.hibernate.dialect.Dialect            : HHH000400: Using dialect: org.hibernate.dialect.H2Dialect
2024-01-18 18:11:25.764  INFO 14896 --- [main] o.h.e.t.j.p.i.JtaPlatformInitiator       : HHH000490: Using JtaPlatform implementation: [org.hibernate.engine.transaction.jta.platform.internal.NoJtaPlatform]
2024-01-18 18:11:25.773  INFO 14896 --- [main] j.LocalContainerEntityManagerFactoryBean : Initialized JPA EntityManagerFactory for persistence unit 'default'
2024-01-18 18:11:26.366  WARN 14896 --- [main] JpaBaseConfiguration$JpaWebConfiguration : spring.jpa.open-in-view is enabled by default. Therefore, database queries may be performed during view rendering. Explicitly configure spring.jpa.open-in-view to disable this warning
2024-01-18 18:11:26.524  INFO 14896 --- [main] pertySourcedRequestMappingHandlerMapping : Mapped URL path [/v2/api-docs] onto method [springfox.documentation.swagger2.web.Swagger2Controller#getDocumentation(String, HttpServletRequest)]
2024-01-18 18:11:26.857  INFO 14896 --- [main] o.s.b.w.embedded.tomcat.TomcatWebServer  : Tomcat started on port(s): 8082 (http) with context path ''
2024-01-18 18:11:26.858  INFO 14896 --- [main] d.s.w.p.DocumentationPluginsBootstrapper : Context refreshed
2024-01-18 18:11:26.879  INFO 14896 --- [main] d.s.w.p.DocumentationPluginsBootstrapper : Found 1 custom documentation plugin(s)
2024-01-18 18:11:26.906  INFO 14896 --- [main] s.d.s.w.s.ApiListingReferenceScanner     : Scanning for api listing references
2024-01-18 18:11:27.056  INFO 14896 --- [main] .d.s.w.r.o.CachingOperationNameGenerator : Generating unique operation named: getAllEmpUsingGET_1
2024-01-18 18:11:27.062  INFO 14896 --- [main] .d.s.w.r.o.CachingOperationNameGenerator : Generating unique operation named: getByIdAndNameUsingGET_1
2024-01-18 18:11:27.065  INFO 14896 --- [main] .d.s.w.r.o.CachingOperationNameGenerator : Generating unique operation named: getByNameOrAddressUsingGET_1
2024-01-18 18:11:27.095  INFO 14896 --- [main] com.employee.EmployeeApplication         : Started EmployeeApplication in 4.625 seconds (JVM running for 5.603)
2024-01-18 18:11:45.565  INFO 14896 --- [http-nio-8082-exec-1] o.a.c.c.C.[Tomcat].[localhost].[/]       : Initializing Spring DispatcherServlet 'dispatcherServlet'
2024-01-18 18:11:45.565  INFO 14896 --- [http-nio-8082-exec-1] o.s.web.servlet.DispatcherServlet        : Initializing Servlet 'dispatcherServlet'
2024-01-18 18:11:45.567  INFO 14896 --- [http-nio-8082-exec-1] o.s.web.servlet.DispatcherServlet        : Completed initialization in 2 ms
2024-01-18 18:23:25.912  INFO 14896 --- [RMI TCP Connection(14)-127.0.0.1] inMXBeanRegistrar$SpringApplicationAdmin : Application shutdown requested.
2024-01-18 18:23:25.939  INFO 14896 --- [RMI TCP Connection(14)-127.0.0.1] j.LocalContainerEntityManagerFactoryBean : Closing JPA EntityManagerFactory for persistence unit 'default'
2024-01-18 18:23:25.941  INFO 14896 --- [RMI TCP Connection(14)-127.0.0.1] com.zaxxer.hikari.HikariDataSource       : HikariPool-1 - Shutdown initiated...
2024-01-18 18:23:25.944  INFO 14896 --- [RMI TCP Connection(14)-127.0.0.1] com.zaxxer.hikari.HikariDataSource       : HikariPool-1 - Shutdown completed.
